<?xml version="1.0" encoding="UTF-8"?>
<testsuite name="Basic" tests="15" skipped="0" failures="15" errors="0" timestamp="2024-03-21T23:51:25" hostname="codespaces-1c3308" time="0.13">
  <properties/>
  <testcase name="BaccaratCard objects are created properly" classname="Basic" time="0.03">
    <failure message="CardException: Number of decks must be 6 or 8" type="CardException">CardException: Number of decks must be 6 or 8
	at app//Shoe.&lt;init&gt;(Shoe.java:13)
	at app//Basic.perTestSetup(Basic.java:55)
	at java.base@21.0.1/java.lang.reflect.Method.invoke(Method.java:580)
	at java.base@21.0.1/java.util.ArrayList.forEach(ArrayList.java:1596)
	at java.base@21.0.1/java.util.ArrayList.forEach(ArrayList.java:1596)
</failure>
  </testcase>
  <testcase name="BaccaratCard objects can be compared &amp; ordered" classname="Basic" time="0.003">
    <failure message="CardException: Number of decks must be 6 or 8" type="CardException">CardException: Number of decks must be 6 or 8
	at app//Shoe.&lt;init&gt;(Shoe.java:13)
	at app//Basic.perTestSetup(Basic.java:55)
	at java.base@21.0.1/java.lang.reflect.Method.invoke(Method.java:580)
	at java.base@21.0.1/java.util.ArrayList.forEach(ArrayList.java:1596)
	at java.base@21.0.1/java.util.ArrayList.forEach(ArrayList.java:1596)
</failure>
  </testcase>
  <testcase name="Cards dealt correctly from unshuffled Shoe" classname="Basic" time="0.003">
    <failure message="CardException: Number of decks must be 6 or 8" type="CardException">CardException: Number of decks must be 6 or 8
	at app//Shoe.&lt;init&gt;(Shoe.java:13)
	at app//Basic.perTestSetup(Basic.java:55)
	at java.base@21.0.1/java.lang.reflect.Method.invoke(Method.java:580)
	at java.base@21.0.1/java.util.ArrayList.forEach(ArrayList.java:1596)
	at java.base@21.0.1/java.util.ArrayList.forEach(ArrayList.java:1596)
</failure>
  </testcase>
  <testcase name="CardException when creating a Shoe with wrong number of decks" classname="Basic" time="0.009">
    <failure message="CardException: Number of decks must be 6 or 8" type="CardException">CardException: Number of decks must be 6 or 8
	at app//Shoe.&lt;init&gt;(Shoe.java:13)
	at app//Basic.perTestSetup(Basic.java:55)
	at java.base@21.0.1/java.lang.reflect.Method.invoke(Method.java:580)
	at java.base@21.0.1/java.util.ArrayList.forEach(ArrayList.java:1596)
	at java.base@21.0.1/java.util.ArrayList.forEach(ArrayList.java:1596)
</failure>
  </testcase>
  <testcase name="CardException when dealing from empty shoe" classname="Basic" time="0.009">
    <failure message="CardException: Number of decks must be 6 or 8" type="CardException">CardException: Number of decks must be 6 or 8
	at app//Shoe.&lt;init&gt;(Shoe.java:13)
	at app//Basic.perTestSetup(Basic.java:55)
	at java.base@21.0.1/java.lang.reflect.Method.invoke(Method.java:580)
	at java.base@21.0.1/java.util.ArrayList.forEach(ArrayList.java:1596)
	at java.base@21.0.1/java.util.ArrayList.forEach(ArrayList.java:1596)
</failure>
  </testcase>
  <testcase name="Shoes are created with the correct numbers of cards" classname="Basic" time="0.006">
    <failure message="CardException: Number of decks must be 6 or 8" type="CardException">CardException: Number of decks must be 6 or 8
	at app//Shoe.&lt;init&gt;(Shoe.java:13)
	at app//Basic.perTestSetup(Basic.java:55)
	at java.base@21.0.1/java.lang.reflect.Method.invoke(Method.java:580)
	at java.base@21.0.1/java.util.ArrayList.forEach(ArrayList.java:1596)
	at java.base@21.0.1/java.util.ArrayList.forEach(ArrayList.java:1596)
</failure>
  </testcase>
  <testcase name="BaccaratHand has the correct string representation" classname="Basic" time="0.005">
    <failure message="CardException: Number of decks must be 6 or 8" type="CardException">CardException: Number of decks must be 6 or 8
	at app//Shoe.&lt;init&gt;(Shoe.java:13)
	at app//Basic.perTestSetup(Basic.java:55)
	at java.base@21.0.1/java.lang.reflect.Method.invoke(Method.java:580)
	at java.base@21.0.1/java.util.ArrayList.forEach(ArrayList.java:1596)
	at java.base@21.0.1/java.util.ArrayList.forEach(ArrayList.java:1596)
</failure>
  </testcase>
  <testcase name="BaccaratCard values are computed correctly" classname="Basic" time="0.003">
    <failure message="CardException: Number of decks must be 6 or 8" type="CardException">CardException: Number of decks must be 6 or 8
	at app//Shoe.&lt;init&gt;(Shoe.java:13)
	at app//Basic.perTestSetup(Basic.java:55)
	at java.base@21.0.1/java.lang.reflect.Method.invoke(Method.java:580)
	at java.base@21.0.1/java.util.ArrayList.forEach(ArrayList.java:1596)
	at java.base@21.0.1/java.util.ArrayList.forEach(ArrayList.java:1596)
</failure>
  </testcase>
  <testcase name="BaccaratCard has the correct string representation" classname="Basic" time="0.003">
    <failure message="CardException: Number of decks must be 6 or 8" type="CardException">CardException: Number of decks must be 6 or 8
	at app//Shoe.&lt;init&gt;(Shoe.java:13)
	at app//Basic.perTestSetup(Basic.java:55)
	at java.base@21.0.1/java.lang.reflect.Method.invoke(Method.java:580)
	at java.base@21.0.1/java.util.ArrayList.forEach(ArrayList.java:1596)
	at java.base@21.0.1/java.util.ArrayList.forEach(ArrayList.java:1596)
</failure>
  </testcase>
  <testcase name="BaccaratHand values computed correctly" classname="Basic" time="0.002">
    <failure message="CardException: Number of decks must be 6 or 8" type="CardException">CardException: Number of decks must be 6 or 8
	at app//Shoe.&lt;init&gt;(Shoe.java:13)
	at app//Basic.perTestSetup(Basic.java:55)
	at java.base@21.0.1/java.lang.reflect.Method.invoke(Method.java:580)
	at java.base@21.0.1/java.util.ArrayList.forEach(ArrayList.java:1596)
	at java.base@21.0.1/java.util.ArrayList.forEach(ArrayList.java:1596)
</failure>
  </testcase>
  <testcase name="Empty hand created correctly" classname="Basic" time="0.003">
    <failure message="CardException: Number of decks must be 6 or 8" type="CardException">CardException: Number of decks must be 6 or 8
	at app//Shoe.&lt;init&gt;(Shoe.java:13)
	at app//Basic.perTestSetup(Basic.java:55)
	at java.base@21.0.1/java.lang.reflect.Method.invoke(Method.java:580)
	at java.base@21.0.1/java.util.ArrayList.forEach(ArrayList.java:1596)
	at java.base@21.0.1/java.util.ArrayList.forEach(ArrayList.java:1596)
</failure>
  </testcase>
  <testcase name="BaccaratCard objects can be tested for equality" classname="Basic" time="0.005">
    <failure message="CardException: Number of decks must be 6 or 8" type="CardException">CardException: Number of decks must be 6 or 8
	at app//Shoe.&lt;init&gt;(Shoe.java:13)
	at app//Basic.perTestSetup(Basic.java:55)
	at java.base@21.0.1/java.lang.reflect.Method.invoke(Method.java:580)
	at java.base@21.0.1/java.util.ArrayList.forEach(ArrayList.java:1596)
	at java.base@21.0.1/java.util.ArrayList.forEach(ArrayList.java:1596)
</failure>
  </testcase>
  <testcase name="Correct detection of whether a BaccaratHand is a 'natural'" classname="Basic" time="0.003">
    <failure message="CardException: Number of decks must be 6 or 8" type="CardException">CardException: Number of decks must be 6 or 8
	at app//Shoe.&lt;init&gt;(Shoe.java:13)
	at app//Basic.perTestSetup(Basic.java:55)
	at java.base@21.0.1/java.lang.reflect.Method.invoke(Method.java:580)
	at java.base@21.0.1/java.util.ArrayList.forEach(ArrayList.java:1596)
	at java.base@21.0.1/java.util.ArrayList.forEach(ArrayList.java:1596)
</failure>
  </testcase>
  <testcase name="Cards added to hand correctly" classname="Basic" time="0.003">
    <failure message="CardException: Number of decks must be 6 or 8" type="CardException">CardException: Number of decks must be 6 or 8
	at app//Shoe.&lt;init&gt;(Shoe.java:13)
	at app//Basic.perTestSetup(Basic.java:55)
	at java.base@21.0.1/java.lang.reflect.Method.invoke(Method.java:580)
	at java.base@21.0.1/java.util.ArrayList.forEach(ArrayList.java:1596)
	at java.base@21.0.1/java.util.ArrayList.forEach(ArrayList.java:1596)
</failure>
  </testcase>
  <testcase name="Shoe can be shuffled" classname="Basic" time="0.002">
    <failure message="CardException: Number of decks must be 6 or 8" type="CardException">CardException: Number of decks must be 6 or 8
	at app//Shoe.&lt;init&gt;(Shoe.java:13)
	at app//Basic.perTestSetup(Basic.java:55)
	at java.base@21.0.1/java.lang.reflect.Method.invoke(Method.java:580)
	at java.base@21.0.1/java.util.ArrayList.forEach(ArrayList.java:1596)
	at java.base@21.0.1/java.util.ArrayList.forEach(ArrayList.java:1596)
</failure>
  </testcase>
  <system-out><![CDATA[]]></system-out>
  <system-err><![CDATA[]]></system-err>
</testsuite>
